{"contracts/Main.sol":{"l":{"23":7,"33":1,"34":1,"38":1},"path":"/Users/artur/Desktop/Bloinx/bloinx-contracts/contracts/Main.sol","s":{"1":7,"2":1,"3":1,"4":1},"b":{},"f":{"1":7,"2":1},"fnMap":{"1":{"name":"createRound","line":14,"loc":{"start":{"line":14,"column":4},"end":{"line":35,"column":4}}},"2":{"name":"setDevAddress","line":37,"loc":{"start":{"line":37,"column":4},"end":{"line":39,"column":4}}}},"statementMap":{"1":{"start":{"line":23,"column":8},"end":{"line":23,"column":611}},"2":{"start":{"line":33,"column":8},"end":{"line":33,"column":35}},"3":{"start":{"line":34,"column":8},"end":{"line":34,"column":32}},"4":{"start":{"line":38,"column":8},"end":{"line":38,"column":31}}},"branchMap":{}},"contracts/Modifiers.sol":{"l":{"6":27,"7":25,"12":38,"13":36},"path":"/Users/artur/Desktop/Bloinx/bloinx-contracts/contracts/Modifiers.sol","s":{"1":27,"2":38},"b":{"1":[25,2],"2":[36,2]},"f":{"1":27,"2":38},"fnMap":{"1":{"name":"onlyAdmin","line":5,"loc":{"start":{"line":5,"column":4},"end":{"line":8,"column":4}}},"2":{"name":"isRegisteredUser","line":10,"loc":{"start":{"line":10,"column":4},"end":{"line":14,"column":4}}}},"statementMap":{"1":{"start":{"line":6,"column":8},"end":{"line":6,"column":76}},"2":{"start":{"line":12,"column":8},"end":{"line":12,"column":53}}},"branchMap":{"1":{"line":6,"type":"if","locations":[{"start":{"line":6,"column":8},"end":{"line":6,"column":8}},{"start":{"line":6,"column":8},"end":{"line":6,"column":8}}]},"2":{"line":12,"type":"if","locations":[{"start":{"line":12,"column":8},"end":{"line":12,"column":8}},{"start":{"line":12,"column":8},"end":{"line":12,"column":8}}]}}},"contracts/SavingGroups.sol":{"l":{"78":39,"79":39,"80":39,"81":35,"82":35,"83":35,"84":35,"85":35,"86":35,"87":35,"88":35,"89":35,"90":35,"91":33,"92":33,"96":210,"97":204,"103":95,"107":95,"108":93,"112":91,"113":91,"114":91,"115":91,"116":91,"117":91,"118":91,"119":91,"120":91,"126":8,"129":6,"132":4,"135":2,"136":2,"138":2,"139":2,"140":2,"141":2,"143":2,"144":2,"145":2,"146":2,"150":23,"151":21,"152":21,"165":22,"168":20,"169":20,"170":0,"173":20,"174":20,"175":20,"177":20,"178":20,"179":20,"185":20,"186":4,"188":16,"194":16,"195":16,"196":7,"198":9,"202":16,"203":16,"204":16,"209":20,"210":0,"212":0,"213":0,"215":0,"218":0,"219":0,"220":0,"224":20,"225":20,"227":0,"229":20,"230":20,"238":14,"240":14,"241":14,"242":0,"245":0,"246":0,"250":0,"251":0,"254":0,"255":0,"256":0,"257":0,"258":0,"259":0,"260":0,"261":0,"262":0,"267":202,"268":202,"272":2,"273":2,"278":0,"279":0,"280":0,"281":0,"282":0,"284":0,"287":0,"288":0,"290":0,"293":0,"295":0,"296":0,"298":0,"299":0,"301":0,"303":0,"304":0,"305":0,"307":0,"311":0,"312":0,"313":0,"314":0,"315":0,"316":0,"317":0,"320":0,"323":0,"324":0,"326":0,"333":0,"337":0,"338":0,"339":0,"340":0,"344":0,"345":0,"346":0,"347":0,"351":4,"352":0,"353":0,"356":0,"357":0,"358":0,"359":0,"360":0,"362":0,"365":0,"366":0,"367":0,"368":0,"369":0,"370":0,"371":0,"372":0,"373":0,"374":0,"375":0,"376":0,"377":0,"378":0,"381":0,"382":0,"383":0,"384":0,"385":0,"386":0,"387":0,"388":0,"399":23,"400":23,"401":23,"406":20,"407":20,"408":4,"410":16,"412":20,"416":38,"417":38,"421":1,"422":1,"426":3,"427":3,"431":1,"432":1,"436":1,"437":1,"441":0,"442":0,"446":0,"447":0,"451":0,"452":0},"path":"/Users/artur/Desktop/Bloinx/bloinx-contracts/contracts/SavingGroups.sol","s":{"1":39,"2":39,"3":39,"4":35,"5":35,"6":35,"7":35,"8":35,"9":35,"10":35,"11":35,"12":35,"13":35,"14":33,"15":33,"16":210,"17":95,"18":95,"19":93,"20":91,"21":91,"22":91,"23":91,"24":91,"25":91,"26":91,"27":91,"28":8,"29":6,"30":4,"31":2,"32":2,"33":2,"34":2,"35":2,"36":2,"37":2,"38":2,"39":2,"40":23,"41":21,"42":21,"43":22,"44":20,"45":20,"46":0,"47":20,"48":20,"49":20,"50":20,"51":20,"52":20,"53":20,"54":4,"55":16,"56":16,"57":16,"58":7,"59":9,"60":16,"61":16,"62":16,"63":20,"64":0,"65":0,"66":0,"67":0,"68":0,"69":0,"70":0,"71":20,"72":20,"73":0,"74":20,"75":20,"76":14,"77":14,"78":14,"79":0,"80":0,"81":0,"82":0,"83":0,"84":0,"85":0,"86":0,"87":0,"88":0,"89":0,"90":0,"91":0,"92":0,"93":202,"94":202,"95":2,"96":2,"97":0,"98":0,"99":0,"100":0,"101":0,"102":0,"103":0,"104":0,"105":0,"106":0,"107":0,"108":0,"109":0,"110":0,"111":0,"112":0,"113":0,"114":0,"115":0,"116":0,"117":0,"118":0,"119":0,"120":0,"121":0,"122":0,"123":0,"124":0,"125":0,"126":0,"127":0,"128":0,"129":0,"130":0,"131":0,"132":0,"133":0,"134":4,"135":0,"136":0,"137":0,"138":0,"139":0,"140":0,"141":0,"142":0,"143":0,"144":0,"145":0,"146":0,"147":0,"148":0,"149":0,"150":0,"151":0,"152":0,"153":0,"154":0,"155":0,"156":0,"157":0,"158":0,"159":0,"160":0,"161":0,"162":0,"163":0,"164":0,"165":23,"166":23,"167":23,"168":20,"169":20,"170":4,"171":16,"172":20,"173":38,"174":38,"175":1,"176":1,"177":3,"178":3,"179":1,"180":1,"181":1,"182":1,"183":0,"184":0,"185":0,"186":0,"187":0,"188":0},"b":{"1":[39,0],"2":[35,4],"3":[35,0],"4":[33,2],"5":[204,6],"6":[95,0],"7":[93,2],"8":[91,2],"9":[6,2],"10":[4,2],"11":[2,2],"12":[2,0],"13":[21,2],"14":[20,2],"15":[0,20],"16":[4,16],"17":[16,0],"18":[7,9],"19":[0,20],"20":[0,0],"21":[20,0],"22":[0,14],"23":[0,0],"24":[0,0],"25":[0,0],"26":[0,0],"27":[0,0],"28":[0,0],"29":[0,0],"30":[0,0],"31":[0,0],"32":[0,0],"33":[0,0],"34":[0,0],"35":[0,0],"36":[0,4],"37":[0,0],"38":[0,0],"39":[4,16]},"f":{"1":39,"2":210,"3":95,"4":8,"5":23,"6":22,"7":14,"8":202,"9":2,"10":0,"11":0,"12":0,"13":4,"14":23,"15":20,"16":38,"17":1,"18":3,"19":1,"20":1,"21":0,"22":0,"23":0},"fnMap":{"1":{"name":"constructor","line":68,"loc":{"start":{"line":68,"column":4},"end":{"line":93,"column":4}}},"2":{"name":"atStage","line":95,"loc":{"start":{"line":95,"column":4},"end":{"line":98,"column":4}}},"3":{"name":"registerUser","line":101,"loc":{"start":{"line":100,"column":4},"end":{"line":121,"column":4}}},"4":{"name":"removeUser","line":125,"loc":{"start":{"line":123,"column":4},"end":{"line":147,"column":4}}},"5":{"name":"startRound","line":149,"loc":{"start":{"line":149,"column":4},"end":{"line":153,"column":4}}},"6":{"name":"addPayment","line":163,"loc":{"start":{"line":160,"column":4},"end":{"line":231,"column":4}}},"7":{"name":"withdrawTurn","line":236,"loc":{"start":{"line":233,"column":4},"end":{"line":264,"column":4}}},"8":{"name":"transferFrom","line":266,"loc":{"start":{"line":266,"column":4},"end":{"line":269,"column":4}}},"9":{"name":"transferTo","line":271,"loc":{"start":{"line":271,"column":4},"end":{"line":274,"column":4}}},"10":{"name":"completeSavingsAndAdvanceTurn","line":277,"loc":{"start":{"line":277,"column":4},"end":{"line":334,"column":4}}},"11":{"name":"payLateFromSavings","line":336,"loc":{"start":{"line":336,"column":4},"end":{"line":341,"column":4}}},"12":{"name":"emergencyWithdraw","line":343,"loc":{"start":{"line":343,"column":4},"end":{"line":348,"column":4}}},"13":{"name":"endRound","line":350,"loc":{"start":{"line":350,"column":4},"end":{"line":393,"column":4}}},"14":{"name":"futurePayments","line":398,"loc":{"start":{"line":398,"column":4},"end":{"line":402,"column":4}}},"15":{"name":"obligationAtTime","line":405,"loc":{"start":{"line":405,"column":4},"end":{"line":413,"column":4}}},"16":{"name":"getRealTurn","line":415,"loc":{"start":{"line":415,"column":4},"end":{"line":418,"column":4}}},"17":{"name":"getUserAvailableCashIn","line":420,"loc":{"start":{"line":420,"column":4},"end":{"line":423,"column":4}}},"18":{"name":"getUserAvailableSavings","line":425,"loc":{"start":{"line":425,"column":4},"end":{"line":428,"column":4}}},"19":{"name":"getUserAmountPaid","line":430,"loc":{"start":{"line":430,"column":4},"end":{"line":433,"column":4}}},"20":{"name":"getUserUnassignedPayments","line":435,"loc":{"start":{"line":435,"column":4},"end":{"line":438,"column":4}}},"21":{"name":"getUserLatePayments","line":440,"loc":{"start":{"line":440,"column":4},"end":{"line":443,"column":4}}},"22":{"name":"getUserOwedTotalCashIn","line":445,"loc":{"start":{"line":445,"column":4},"end":{"line":448,"column":4}}},"23":{"name":"getUserIsActive","line":450,"loc":{"start":{"line":450,"column":4},"end":{"line":453,"column":4}}}},"statementMap":{"1":{"start":{"line":78,"column":8},"end":{"line":78,"column":20}},"2":{"start":{"line":79,"column":8},"end":{"line":79,"column":88}},"3":{"start":{"line":80,"column":8},"end":{"line":80,"column":116}},"4":{"start":{"line":81,"column":8},"end":{"line":81,"column":31}},"5":{"start":{"line":82,"column":8},"end":{"line":82,"column":21}},"6":{"start":{"line":83,"column":8},"end":{"line":83,"column":27}},"7":{"start":{"line":84,"column":8},"end":{"line":84,"column":30}},"8":{"start":{"line":85,"column":8},"end":{"line":85,"column":38}},"9":{"start":{"line":86,"column":8},"end":{"line":86,"column":29}},"10":{"start":{"line":87,"column":8},"end":{"line":87,"column":31}},"11":{"start":{"line":88,"column":8},"end":{"line":88,"column":27}},"12":{"start":{"line":89,"column":8},"end":{"line":89,"column":51}},"13":{"start":{"line":90,"column":8},"end":{"line":90,"column":80}},"14":{"start":{"line":91,"column":8},"end":{"line":91,"column":33}},"15":{"start":{"line":92,"column":8},"end":{"line":92,"column":42}},"16":{"start":{"line":96,"column":8},"end":{"line":96,"column":76}},"17":{"start":{"line":103,"column":8},"end":{"line":103,"column":4009}},"18":{"start":{"line":107,"column":8},"end":{"line":107,"column":66}},"19":{"start":{"line":108,"column":8},"end":{"line":108,"column":4223}},"20":{"start":{"line":113,"column":8},"end":{"line":113,"column":86}},"21":{"start":{"line":114,"column":8},"end":{"line":114,"column":68}},"22":{"start":{"line":115,"column":8},"end":{"line":115,"column":51}},"23":{"start":{"line":116,"column":8},"end":{"line":116,"column":64}},"24":{"start":{"line":117,"column":8},"end":{"line":117,"column":46}},"25":{"start":{"line":118,"column":8},"end":{"line":118,"column":28}},"26":{"start":{"line":119,"column":8},"end":{"line":119,"column":47}},"27":{"start":{"line":120,"column":8},"end":{"line":120,"column":48}},"28":{"start":{"line":126,"column":8},"end":{"line":126,"column":4952}},"29":{"start":{"line":129,"column":8},"end":{"line":129,"column":5102}},"30":{"start":{"line":132,"column":4},"end":{"line":132,"column":5193}},"31":{"start":{"line":135,"column":8},"end":{"line":135,"column":59}},"32":{"start":{"line":136,"column":8},"end":{"line":136,"column":5376}},"33":{"start":{"line":138,"column":10},"end":{"line":138,"column":76}},"34":{"start":{"line":139,"column":10},"end":{"line":139,"column":49}},"35":{"start":{"line":140,"column":10},"end":{"line":140,"column":56}},"36":{"start":{"line":141,"column":10},"end":{"line":141,"column":71}},"37":{"start":{"line":143,"column":6},"end":{"line":143,"column":46}},"38":{"start":{"line":145,"column":6},"end":{"line":145,"column":42}},"39":{"start":{"line":146,"column":6},"end":{"line":146,"column":59}},"40":{"start":{"line":150,"column":8},"end":{"line":150,"column":72}},"41":{"start":{"line":151,"column":8},"end":{"line":151,"column":26}},"42":{"start":{"line":152,"column":8},"end":{"line":152,"column":34}},"43":{"start":{"line":165,"column":8},"end":{"line":165,"column":84}},"44":{"start":{"line":168,"column":8},"end":{"line":168,"column":38}},"45":{"start":{"line":169,"column":8},"end":{"line":169,"column":6842}},"46":{"start":{"line":170,"column":12},"end":{"line":170,"column":46}},"47":{"start":{"line":173,"column":8},"end":{"line":173,"column":53}},"48":{"start":{"line":174,"column":8},"end":{"line":174,"column":36}},"49":{"start":{"line":175,"column":8},"end":{"line":175,"column":53}},"50":{"start":{"line":177,"column":8},"end":{"line":177,"column":57}},"51":{"start":{"line":178,"column":8},"end":{"line":178,"column":26}},"52":{"start":{"line":179,"column":8},"end":{"line":179,"column":29}},"53":{"start":{"line":185,"column":8},"end":{"line":185,"column":7280}},"54":{"start":{"line":186,"column":12},"end":{"line":186,"column":25}},"55":{"start":{"line":188,"column":12},"end":{"line":188,"column":71}},"56":{"start":{"line":194,"column":12},"end":{"line":194,"column":7664}},"57":{"start":{"line":195,"column":16},"end":{"line":195,"column":7716}},"58":{"start":{"line":196,"column":20},"end":{"line":196,"column":45}},"59":{"start":{"line":198,"column":20},"end":{"line":198,"column":42}},"60":{"start":{"line":202,"column":16},"end":{"line":202,"column":68}},"61":{"start":{"line":203,"column":16},"end":{"line":203,"column":66}},"62":{"start":{"line":204,"column":16},"end":{"line":204,"column":67}},"63":{"start":{"line":209,"column":8},"end":{"line":209,"column":8251}},"64":{"start":{"line":210,"column":12},"end":{"line":210,"column":38}},"65":{"start":{"line":212,"column":12},"end":{"line":212,"column":8451}},"66":{"start":{"line":213,"column":16},"end":{"line":213,"column":69}},"67":{"start":{"line":215,"column":16},"end":{"line":215,"column":72}},"68":{"start":{"line":218,"column":12},"end":{"line":218,"column":69}},"69":{"start":{"line":219,"column":12},"end":{"line":219,"column":57}},"70":{"start":{"line":220,"column":12},"end":{"line":220,"column":66}},"71":{"start":{"line":224,"column":8},"end":{"line":224,"column":9013}},"72":{"start":{"line":225,"column":12},"end":{"line":225,"column":89}},"73":{"start":{"line":227,"column":12},"end":{"line":227,"column":48}},"74":{"start":{"line":229,"column":8},"end":{"line":229,"column":64}},"75":{"start":{"line":230,"column":8},"end":{"line":230,"column":41}},"76":{"start":{"line":238,"column":8},"end":{"line":238,"column":53}},"77":{"start":{"line":240,"column":8},"end":{"line":240,"column":38}},"78":{"start":{"line":241,"column":8},"end":{"line":241,"column":67}},"79":{"start":{"line":242,"column":8},"end":{"line":242,"column":54}},"80":{"start":{"line":245,"column":8},"end":{"line":245,"column":9950}},"81":{"start":{"line":246,"column":12},"end":{"line":246,"column":46}},"82":{"start":{"line":250,"column":8},"end":{"line":250,"column":10095}},"83":{"start":{"line":251,"column":12},"end":{"line":251,"column":41}},"84":{"start":{"line":254,"column":8},"end":{"line":254,"column":35}},"85":{"start":{"line":255,"column":8},"end":{"line":255,"column":59}},"86":{"start":{"line":256,"column":8},"end":{"line":256,"column":45}},"87":{"start":{"line":257,"column":8},"end":{"line":257,"column":58}},"88":{"start":{"line":258,"column":8},"end":{"line":258,"column":80}},"89":{"start":{"line":259,"column":8},"end":{"line":259,"column":80}},"90":{"start":{"line":260,"column":8},"end":{"line":260,"column":24}},"91":{"start":{"line":261,"column":8},"end":{"line":261,"column":10629}},"92":{"start":{"line":262,"column":12},"end":{"line":262,"column":35}},"93":{"start":{"line":267,"column":6},"end":{"line":267,"column":67}},"94":{"start":{"line":268,"column":6},"end":{"line":268,"column":20}},"95":{"start":{"line":272,"column":6},"end":{"line":272,"column":48}},"96":{"start":{"line":273,"column":6},"end":{"line":273,"column":20}},"97":{"start":{"line":278,"column":8},"end":{"line":278,"column":11340}},"98":{"start":{"line":279,"column":12},"end":{"line":279,"column":53}},"99":{"start":{"line":280,"column":12},"end":{"line":280,"column":58}},"100":{"start":{"line":281,"column":12},"end":{"line":281,"column":62}},"101":{"start":{"line":282,"column":12},"end":{"line":282,"column":28}},"102":{"start":{"line":284,"column":12},"end":{"line":284,"column":11611}},"103":{"start":{"line":287,"column":16},"end":{"line":287,"column":11707}},"104":{"start":{"line":288,"column":20},"end":{"line":288,"column":78}},"105":{"start":{"line":290,"column":20},"end":{"line":290,"column":31}},"106":{"start":{"line":293,"column":16},"end":{"line":293,"column":12049}},"107":{"start":{"line":295,"column":20},"end":{"line":295,"column":12139}},"108":{"start":{"line":296,"column":24},"end":{"line":296,"column":40}},"109":{"start":{"line":298,"column":24},"end":{"line":298,"column":12320}},"110":{"start":{"line":299,"column":28},"end":{"line":299,"column":46}},"111":{"start":{"line":301,"column":28},"end":{"line":301,"column":75}},"112":{"start":{"line":303,"column":24},"end":{"line":303,"column":111}},"113":{"start":{"line":304,"column":24},"end":{"line":304,"column":107}},"114":{"start":{"line":305,"column":24},"end":{"line":305,"column":105}},"115":{"start":{"line":307,"column":24},"end":{"line":307,"column":102}},"116":{"start":{"line":311,"column":20},"end":{"line":311,"column":13199}},"117":{"start":{"line":313,"column":24},"end":{"line":313,"column":13324}},"118":{"start":{"line":314,"column":28},"end":{"line":314,"column":50}},"119":{"start":{"line":315,"column":28},"end":{"line":315,"column":74}},"120":{"start":{"line":316,"column":28},"end":{"line":316,"column":73}},"121":{"start":{"line":317,"column":28},"end":{"line":317,"column":73}},"122":{"start":{"line":320,"column":28},"end":{"line":320,"column":44}},"123":{"start":{"line":323,"column":24},"end":{"line":323,"column":13888}},"124":{"start":{"line":324,"column":28},"end":{"line":324,"column":107}},"125":{"start":{"line":326,"column":28},"end":{"line":326,"column":65}},"126":{"start":{"line":337,"column":8},"end":{"line":337,"column":82}},"127":{"start":{"line":338,"column":8},"end":{"line":338,"column":57}},"128":{"start":{"line":339,"column":8},"end":{"line":339,"column":51}},"129":{"start":{"line":340,"column":8},"end":{"line":340,"column":46}},"130":{"start":{"line":344,"column":8},"end":{"line":344,"column":60}},"131":{"start":{"line":345,"column":8},"end":{"line":345,"column":54}},"132":{"start":{"line":346,"column":8},"end":{"line":346,"column":43}},"133":{"start":{"line":347,"column":8},"end":{"line":347,"column":59}},"134":{"start":{"line":351,"column":8},"end":{"line":351,"column":69}},"135":{"start":{"line":352,"column":8},"end":{"line":352,"column":15022}},"136":{"start":{"line":353,"column":12},"end":{"line":353,"column":47}},"137":{"start":{"line":356,"column":8},"end":{"line":356,"column":38}},"138":{"start":{"line":357,"column":8},"end":{"line":357,"column":15187}},"139":{"start":{"line":358,"column":12},"end":{"line":358,"column":50}},"140":{"start":{"line":359,"column":12},"end":{"line":359,"column":15295}},"141":{"start":{"line":360,"column":16},"end":{"line":360,"column":43}},"142":{"start":{"line":362,"column":12},"end":{"line":362,"column":64}},"143":{"start":{"line":365,"column":8},"end":{"line":365,"column":15510}},"144":{"start":{"line":366,"column":12},"end":{"line":366,"column":15544}},"145":{"start":{"line":367,"column":16},"end":{"line":367,"column":54}},"146":{"start":{"line":368,"column":16},"end":{"line":368,"column":140}},"147":{"start":{"line":369,"column":16},"end":{"line":369,"column":51}},"148":{"start":{"line":370,"column":16},"end":{"line":370,"column":50}},"149":{"start":{"line":371,"column":16},"end":{"line":371,"column":47}},"150":{"start":{"line":372,"column":16},"end":{"line":372,"column":65}},"151":{"start":{"line":373,"column":16},"end":{"line":373,"column":64}},"152":{"start":{"line":374,"column":16},"end":{"line":374,"column":66}},"153":{"start":{"line":375,"column":16},"end":{"line":375,"column":49}},"154":{"start":{"line":376,"column":16},"end":{"line":376,"column":29}},"155":{"start":{"line":377,"column":16},"end":{"line":377,"column":38}},"156":{"start":{"line":378,"column":16},"end":{"line":378,"column":72}},"157":{"start":{"line":381,"column":10},"end":{"line":381,"column":16381}},"158":{"start":{"line":382,"column":16},"end":{"line":382,"column":54}},"159":{"start":{"line":383,"column":16},"end":{"line":383,"column":140}},"160":{"start":{"line":384,"column":16},"end":{"line":384,"column":51}},"161":{"start":{"line":385,"column":16},"end":{"line":385,"column":50}},"162":{"start":{"line":386,"column":16},"end":{"line":386,"column":47}},"163":{"start":{"line":387,"column":16},"end":{"line":387,"column":29}},"164":{"start":{"line":388,"column":16},"end":{"line":388,"column":39}},"165":{"start":{"line":399,"column":3},"end":{"line":399,"column":51}},"166":{"start":{"line":400,"column":3},"end":{"line":400,"column":150}},"167":{"start":{"line":401,"column":3},"end":{"line":401,"column":23}},"168":{"start":{"line":406,"column":3},"end":{"line":406,"column":29}},"169":{"start":{"line":407,"column":12},"end":{"line":407,"column":17426}},"170":{"start":{"line":408,"column":5},"end":{"line":408,"column":47}},"171":{"start":{"line":410,"column":5},"end":{"line":410,"column":45}},"172":{"start":{"line":412,"column":12},"end":{"line":412,"column":37}},"173":{"start":{"line":416,"column":3},"end":{"line":416,"column":68}},"174":{"start":{"line":417,"column":3},"end":{"line":417,"column":20}},"175":{"start":{"line":421,"column":3},"end":{"line":421,"column":51}},"176":{"start":{"line":422,"column":3},"end":{"line":422,"column":42}},"177":{"start":{"line":426,"column":3},"end":{"line":426,"column":51}},"178":{"start":{"line":427,"column":3},"end":{"line":427,"column":43}},"179":{"start":{"line":431,"column":3},"end":{"line":431,"column":51}},"180":{"start":{"line":432,"column":3},"end":{"line":432,"column":43}},"181":{"start":{"line":436,"column":3},"end":{"line":436,"column":51}},"182":{"start":{"line":437,"column":3},"end":{"line":437,"column":45}},"183":{"start":{"line":441,"column":3},"end":{"line":441,"column":51}},"184":{"start":{"line":442,"column":3},"end":{"line":442,"column":39}},"185":{"start":{"line":446,"column":3},"end":{"line":446,"column":51}},"186":{"start":{"line":447,"column":3},"end":{"line":447,"column":42}},"187":{"start":{"line":451,"column":3},"end":{"line":451,"column":51}},"188":{"start":{"line":452,"column":3},"end":{"line":452,"column":35}}},"branchMap":{"1":{"line":79,"type":"if","locations":[{"start":{"line":79,"column":8},"end":{"line":79,"column":8}},{"start":{"line":79,"column":8},"end":{"line":79,"column":8}}]},"2":{"line":80,"type":"if","locations":[{"start":{"line":80,"column":8},"end":{"line":80,"column":8}},{"start":{"line":80,"column":8},"end":{"line":80,"column":8}}]},"3":{"line":81,"type":"if","locations":[{"start":{"line":81,"column":8},"end":{"line":81,"column":8}},{"start":{"line":81,"column":8},"end":{"line":81,"column":8}}]},"4":{"line":90,"type":"if","locations":[{"start":{"line":90,"column":8},"end":{"line":90,"column":8}},{"start":{"line":90,"column":8},"end":{"line":90,"column":8}}]},"5":{"line":96,"type":"if","locations":[{"start":{"line":96,"column":8},"end":{"line":96,"column":8}},{"start":{"line":96,"column":8},"end":{"line":96,"column":8}}]},"6":{"line":103,"type":"if","locations":[{"start":{"line":103,"column":8},"end":{"line":103,"column":8}},{"start":{"line":103,"column":8},"end":{"line":103,"column":8}}]},"7":{"line":107,"type":"if","locations":[{"start":{"line":107,"column":8},"end":{"line":107,"column":8}},{"start":{"line":107,"column":8},"end":{"line":107,"column":8}}]},"8":{"line":108,"type":"if","locations":[{"start":{"line":108,"column":8},"end":{"line":108,"column":8}},{"start":{"line":108,"column":8},"end":{"line":108,"column":8}}]},"9":{"line":126,"type":"if","locations":[{"start":{"line":126,"column":8},"end":{"line":126,"column":8}},{"start":{"line":126,"column":8},"end":{"line":126,"column":8}}]},"10":{"line":129,"type":"if","locations":[{"start":{"line":129,"column":8},"end":{"line":129,"column":8}},{"start":{"line":129,"column":8},"end":{"line":129,"column":8}}]},"11":{"line":132,"type":"if","locations":[{"start":{"line":132,"column":4},"end":{"line":132,"column":4}},{"start":{"line":132,"column":4},"end":{"line":132,"column":4}}]},"12":{"line":136,"type":"if","locations":[{"start":{"line":136,"column":8},"end":{"line":136,"column":8}},{"start":{"line":136,"column":8},"end":{"line":136,"column":8}}]},"13":{"line":150,"type":"if","locations":[{"start":{"line":150,"column":8},"end":{"line":150,"column":8}},{"start":{"line":150,"column":8},"end":{"line":150,"column":8}}]},"14":{"line":165,"type":"if","locations":[{"start":{"line":165,"column":8},"end":{"line":165,"column":8}},{"start":{"line":165,"column":8},"end":{"line":165,"column":8}}]},"15":{"line":169,"type":"if","locations":[{"start":{"line":169,"column":8},"end":{"line":169,"column":8}},{"start":{"line":169,"column":8},"end":{"line":169,"column":8}}]},"16":{"line":185,"type":"if","locations":[{"start":{"line":185,"column":8},"end":{"line":185,"column":8}},{"start":{"line":185,"column":8},"end":{"line":185,"column":8}}]},"17":{"line":194,"type":"if","locations":[{"start":{"line":194,"column":12},"end":{"line":194,"column":12}},{"start":{"line":194,"column":12},"end":{"line":194,"column":12}}]},"18":{"line":195,"type":"if","locations":[{"start":{"line":195,"column":16},"end":{"line":195,"column":16}},{"start":{"line":195,"column":16},"end":{"line":195,"column":16}}]},"19":{"line":209,"type":"if","locations":[{"start":{"line":209,"column":8},"end":{"line":209,"column":8}},{"start":{"line":209,"column":8},"end":{"line":209,"column":8}}]},"20":{"line":212,"type":"if","locations":[{"start":{"line":212,"column":12},"end":{"line":212,"column":12}},{"start":{"line":212,"column":12},"end":{"line":212,"column":12}}]},"21":{"line":224,"type":"if","locations":[{"start":{"line":224,"column":8},"end":{"line":224,"column":8}},{"start":{"line":224,"column":8},"end":{"line":224,"column":8}}]},"22":{"line":241,"type":"if","locations":[{"start":{"line":241,"column":8},"end":{"line":241,"column":8}},{"start":{"line":241,"column":8},"end":{"line":241,"column":8}}]},"23":{"line":242,"type":"if","locations":[{"start":{"line":242,"column":8},"end":{"line":242,"column":8}},{"start":{"line":242,"column":8},"end":{"line":242,"column":8}}]},"24":{"line":245,"type":"if","locations":[{"start":{"line":245,"column":8},"end":{"line":245,"column":8}},{"start":{"line":245,"column":8},"end":{"line":245,"column":8}}]},"25":{"line":250,"type":"if","locations":[{"start":{"line":250,"column":8},"end":{"line":250,"column":8}},{"start":{"line":250,"column":8},"end":{"line":250,"column":8}}]},"26":{"line":261,"type":"if","locations":[{"start":{"line":261,"column":8},"end":{"line":261,"column":8}},{"start":{"line":261,"column":8},"end":{"line":261,"column":8}}]},"27":{"line":284,"type":"if","locations":[{"start":{"line":284,"column":12},"end":{"line":284,"column":12}},{"start":{"line":284,"column":12},"end":{"line":284,"column":12}}]},"28":{"line":287,"type":"if","locations":[{"start":{"line":287,"column":16},"end":{"line":287,"column":16}},{"start":{"line":287,"column":16},"end":{"line":287,"column":16}}]},"29":{"line":293,"type":"if","locations":[{"start":{"line":293,"column":16},"end":{"line":293,"column":16}},{"start":{"line":293,"column":16},"end":{"line":293,"column":16}}]},"30":{"line":295,"type":"if","locations":[{"start":{"line":295,"column":20},"end":{"line":295,"column":20}},{"start":{"line":295,"column":20},"end":{"line":295,"column":20}}]},"31":{"line":298,"type":"if","locations":[{"start":{"line":298,"column":24},"end":{"line":298,"column":24}},{"start":{"line":298,"column":24},"end":{"line":298,"column":24}}]},"32":{"line":311,"type":"if","locations":[{"start":{"line":311,"column":20},"end":{"line":311,"column":20}},{"start":{"line":311,"column":20},"end":{"line":311,"column":20}}]},"33":{"line":313,"type":"if","locations":[{"start":{"line":313,"column":24},"end":{"line":313,"column":24}},{"start":{"line":313,"column":24},"end":{"line":313,"column":24}}]},"34":{"line":323,"type":"if","locations":[{"start":{"line":323,"column":24},"end":{"line":323,"column":24}},{"start":{"line":323,"column":24},"end":{"line":323,"column":24}}]},"35":{"line":345,"type":"if","locations":[{"start":{"line":345,"column":8},"end":{"line":345,"column":8}},{"start":{"line":345,"column":8},"end":{"line":345,"column":8}}]},"36":{"line":351,"type":"if","locations":[{"start":{"line":351,"column":8},"end":{"line":351,"column":8}},{"start":{"line":351,"column":8},"end":{"line":351,"column":8}}]},"37":{"line":359,"type":"if","locations":[{"start":{"line":359,"column":12},"end":{"line":359,"column":12}},{"start":{"line":359,"column":12},"end":{"line":359,"column":12}}]},"38":{"line":365,"type":"if","locations":[{"start":{"line":365,"column":8},"end":{"line":365,"column":8}},{"start":{"line":365,"column":8},"end":{"line":365,"column":8}}]},"39":{"line":407,"type":"if","locations":[{"start":{"line":407,"column":12},"end":{"line":407,"column":12}},{"start":{"line":407,"column":12},"end":{"line":407,"column":12}}]}}},"contracts/Test/TestERC20.sol":{"l":{},"path":"/Users/artur/Desktop/Bloinx/bloinx-contracts/contracts/Test/TestERC20.sol","s":{},"b":{},"f":{"1":32},"fnMap":{"1":{"name":"constructor","line":9,"loc":{"start":{"line":9,"column":4},"end":{"line":9,"column":72}}}},"statementMap":{},"branchMap":{}}}