{"contracts/Main.sol":{"l":{"18":7,"26":1,"27":1},"path":"/Users/artur/Desktop/Bloinx/bloinx-contracts/contracts/Main.sol","s":{"1":7,"2":1,"3":1},"b":{},"f":{"1":7},"fnMap":{"1":{"name":"createRound","line":11,"loc":{"start":{"line":11,"column":4},"end":{"line":28,"column":4}}}},"statementMap":{"1":{"start":{"line":18,"column":8},"end":{"line":18,"column":560}},"2":{"start":{"line":26,"column":8},"end":{"line":26,"column":35}},"3":{"start":{"line":27,"column":8},"end":{"line":27,"column":32}}},"branchMap":{}},"contracts/Modifiers.sol":{"l":{"6":0,"7":0,"12":0,"16":0,"21":0,"22":0,"27":0,"28":0,"33":0,"34":0,"35":0},"path":"/Users/artur/Desktop/Bloinx/bloinx-contracts/contracts/Modifiers.sol","s":{"1":0,"2":0,"3":0,"4":0,"5":0,"6":0},"b":{"1":[0,0],"2":[0,0],"3":[0,0],"4":[0,0],"5":[0,0]},"f":{"1":0,"2":0,"3":0,"4":0,"5":0},"fnMap":{"1":{"name":"onlyAdmin","line":5,"loc":{"start":{"line":5,"column":4},"end":{"line":8,"column":4}}},"2":{"name":"isUsersTurn","line":10,"loc":{"start":{"line":10,"column":4},"end":{"line":17,"column":4}}},"3":{"name":"isNotUsersTurn","line":19,"loc":{"start":{"line":19,"column":4},"end":{"line":23,"column":4}}},"4":{"name":"isRegisteredUser","line":25,"loc":{"start":{"line":25,"column":4},"end":{"line":29,"column":4}}},"5":{"name":"isPayAmountCorrect","line":31,"loc":{"start":{"line":31,"column":4},"end":{"line":36,"column":4}}}},"statementMap":{"1":{"start":{"line":6,"column":8},"end":{"line":6,"column":76}},"2":{"start":{"line":12,"column":8},"end":{"line":12,"column":359}},"3":{"start":{"line":21,"column":8},"end":{"line":21,"column":70}},"4":{"start":{"line":27,"column":8},"end":{"line":27,"column":53}},"5":{"start":{"line":33,"column":8},"end":{"line":33,"column":46}},"6":{"start":{"line":34,"column":8},"end":{"line":34,"column":62}}},"branchMap":{"1":{"line":6,"type":"if","locations":[{"start":{"line":6,"column":8},"end":{"line":6,"column":8}},{"start":{"line":6,"column":8},"end":{"line":6,"column":8}}]},"2":{"line":12,"type":"if","locations":[{"start":{"line":12,"column":8},"end":{"line":12,"column":8}},{"start":{"line":12,"column":8},"end":{"line":12,"column":8}}]},"3":{"line":21,"type":"if","locations":[{"start":{"line":21,"column":8},"end":{"line":21,"column":8}},{"start":{"line":21,"column":8},"end":{"line":21,"column":8}}]},"4":{"line":27,"type":"if","locations":[{"start":{"line":27,"column":8},"end":{"line":27,"column":8}},{"start":{"line":27,"column":8},"end":{"line":27,"column":8}}]},"5":{"line":34,"type":"if","locations":[{"start":{"line":34,"column":8},"end":{"line":34,"column":8}},{"start":{"line":34,"column":8},"end":{"line":34,"column":8}}]}}},"contracts/SavingGroups.sol":{"l":{"68":8,"69":8,"73":8,"77":4,"78":4,"79":4,"80":4,"81":4,"82":4,"83":4,"87":2,"88":2,"92":0,"93":0,"97":0,"101":0,"102":0,"106":0,"107":0,"118":0,"119":0,"120":0,"121":0,"122":0,"130":0,"134":0,"135":0,"137":0,"138":0,"139":0,"140":0,"142":0,"143":0,"144":0,"148":0,"149":0,"150":0,"162":0,"168":0,"169":0,"170":0,"171":0,"174":0,"175":0,"176":0,"178":0,"179":0,"180":0,"183":0,"185":0,"188":0,"190":0,"191":0,"192":0,"194":0,"198":0,"201":0,"204":0,"211":0,"215":0,"216":0,"221":0,"223":0,"226":0,"229":0,"233":0,"234":0,"236":0,"237":0,"239":0,"241":0,"244":0,"247":0,"248":0,"259":0,"260":0,"261":0,"265":0,"266":0,"270":0,"271":0,"274":0,"275":0,"276":0,"277":0,"278":0,"287":0,"288":0,"289":0,"290":0,"291":0,"293":0,"295":0,"297":0,"299":0,"302":0,"304":0,"305":0,"306":0,"308":0,"310":0,"312":0,"315":0,"318":0,"323":0,"327":0,"328":0,"329":0,"331":0,"332":0,"335":0,"338":0,"341":0,"344":0,"345":0,"348":0,"355":0,"362":0,"364":0,"365":0,"366":0,"371":0,"372":0,"375":0,"384":0,"385":0,"386":0,"388":0,"390":0,"394":0,"395":0,"399":0,"400":0,"401":0,"404":0,"405":0,"406":0,"407":0,"408":0,"412":0,"416":0,"417":0,"418":0,"421":0,"422":0,"423":0,"424":0,"425":0,"428":0,"437":0,"438":0,"446":0,"447":0,"451":0,"452":0,"460":0,"461":0,"465":0,"466":0,"474":0,"475":0,"479":0,"480":0},"path":"/Users/artur/Desktop/Bloinx/bloinx-contracts/contracts/SavingGroups.sol","s":{"1":8,"2":8,"3":8,"4":4,"5":4,"6":4,"7":4,"8":4,"9":4,"10":4,"11":2,"12":2,"13":0,"14":0,"15":0,"16":0,"17":0,"18":0,"19":0,"20":0,"21":0,"22":0,"23":0,"24":0,"25":0,"26":0,"27":0,"28":0,"29":0,"30":0,"31":0,"32":0,"33":0,"34":0,"35":0,"36":0,"37":0,"38":0,"39":0,"40":0,"41":0,"42":0,"43":0,"44":0,"45":0,"46":0,"47":0,"48":0,"49":0,"50":0,"51":0,"52":0,"53":0,"54":0,"55":0,"56":0,"57":0,"58":0,"59":0,"60":0,"61":0,"62":0,"63":0,"64":0,"65":0,"66":0,"67":0,"68":0,"69":0,"70":0,"71":0,"72":0,"73":0,"74":0,"75":0,"76":0,"77":0,"78":0,"79":0,"80":0,"81":0,"82":0,"83":0,"84":0,"85":0,"86":0,"87":0,"88":0,"89":0,"90":0,"91":0,"92":0,"93":0,"94":0,"95":0,"96":0,"97":0,"98":0,"99":0,"100":0,"101":0,"102":0,"103":0,"104":0,"105":0,"106":0,"107":0,"108":0,"109":0,"110":0,"111":0,"112":0,"113":0,"114":0,"115":0,"116":0,"117":0,"118":0,"119":0,"120":0,"121":0,"122":0,"123":0,"124":0,"125":0,"126":0,"127":0,"128":0,"129":0,"130":0,"131":0,"132":0,"133":0,"134":0,"135":0,"136":0,"137":0,"138":0,"139":0,"140":0,"141":0,"142":0,"143":0,"144":0,"145":0,"146":0,"147":0,"148":0,"149":0,"150":0,"151":0,"152":0,"153":0,"154":0,"155":0,"156":0,"157":0,"158":0},"b":{"1":[8,0],"2":[4,4],"3":[2,2],"4":[0,0],"5":[0,0],"6":[0,0],"7":[0,0],"8":[0,0],"9":[0,0],"10":[0,0],"11":[0,0],"12":[0,0],"13":[0,0],"14":[0,0],"15":[0,0],"16":[0,0],"17":[0,0],"18":[0,0],"19":[0,0],"20":[0,0],"21":[0,0],"22":[0,0],"23":[0,0],"24":[0,0],"25":[0,0],"26":[0,0],"27":[0,0],"28":[0,0],"29":[0,0],"30":[0,0],"31":[0,0],"32":[0,0]},"f":{"1":8,"2":0,"3":0,"4":0,"5":0,"6":0,"7":0,"8":0,"9":0,"10":0,"11":0,"12":0,"13":0,"14":0,"15":0,"16":0,"17":0,"18":0,"19":0,"20":0},"fnMap":{"1":{"name":"constructor","line":60,"loc":{"start":{"line":60,"column":4},"end":{"line":89,"column":4}}},"2":{"name":"atStage","line":91,"loc":{"start":{"line":91,"column":4},"end":{"line":94,"column":4}}},"3":{"name":"registerUser","line":96,"loc":{"start":{"line":96,"column":4},"end":{"line":123,"column":4}}},"4":{"name":"removeUser","line":128,"loc":{"start":{"line":125,"column":4},"end":{"line":145,"column":4}}},"5":{"name":"startRound","line":147,"loc":{"start":{"line":147,"column":4},"end":{"line":151,"column":4}}},"6":{"name":"addPayment","line":159,"loc":{"start":{"line":156,"column":4},"end":{"line":252,"column":4}}},"7":{"name":"withdrawTurn","line":257,"loc":{"start":{"line":254,"column":4},"end":{"line":279,"column":4}}},"8":{"name":"completeSavingsAndAdvanceTurn","line":285,"loc":{"start":{"line":283,"column":4},"end":{"line":356,"column":4}}},"9":{"name":"payLateFromSavings","line":360,"loc":{"start":{"line":358,"column":4},"end":{"line":367,"column":4}}},"10":{"name":"futurePayments","line":370,"loc":{"start":{"line":370,"column":4},"end":{"line":376,"column":4}}},"11":{"name":"obligationAtTime","line":379,"loc":{"start":{"line":379,"column":4},"end":{"line":391,"column":4}}},"12":{"name":"getRealTurn","line":393,"loc":{"start":{"line":393,"column":4},"end":{"line":396,"column":4}}},"13":{"name":"endRound","line":398,"loc":{"start":{"line":398,"column":4},"end":{"line":429,"column":4}}},"14":{"name":"getUserAvailableCashIn","line":432,"loc":{"start":{"line":432,"column":4},"end":{"line":439,"column":4}}},"15":{"name":"getUserAvailableSavings","line":441,"loc":{"start":{"line":441,"column":4},"end":{"line":448,"column":4}}},"16":{"name":"getUserAmountPaid","line":450,"loc":{"start":{"line":450,"column":4},"end":{"line":453,"column":4}}},"17":{"name":"getUserUnassignedPayments","line":455,"loc":{"start":{"line":455,"column":4},"end":{"line":462,"column":4}}},"18":{"name":"getUserLatePayments","line":464,"loc":{"start":{"line":464,"column":4},"end":{"line":467,"column":4}}},"19":{"name":"getUserOwedTotalCashIn","line":469,"loc":{"start":{"line":469,"column":4},"end":{"line":476,"column":4}}},"20":{"name":"getUserIsActive","line":478,"loc":{"start":{"line":478,"column":4},"end":{"line":481,"column":4}}}},"statementMap":{"1":{"start":{"line":68,"column":8},"end":{"line":68,"column":20}},"2":{"start":{"line":69,"column":8},"end":{"line":69,"column":2455}},"3":{"start":{"line":73,"column":8},"end":{"line":73,"column":2580}},"4":{"start":{"line":77,"column":8},"end":{"line":77,"column":21}},"5":{"start":{"line":78,"column":8},"end":{"line":78,"column":30}},"6":{"start":{"line":79,"column":8},"end":{"line":79,"column":38}},"7":{"start":{"line":80,"column":8},"end":{"line":80,"column":29}},"8":{"start":{"line":81,"column":8},"end":{"line":81,"column":27}},"9":{"start":{"line":82,"column":8},"end":{"line":82,"column":51}},"10":{"start":{"line":83,"column":8},"end":{"line":83,"column":2947}},"11":{"start":{"line":87,"column":8},"end":{"line":87,"column":26}},"12":{"start":{"line":88,"column":8},"end":{"line":88,"column":43}},"13":{"start":{"line":92,"column":8},"end":{"line":92,"column":76}},"14":{"start":{"line":97,"column":8},"end":{"line":97,"column":3390}},"15":{"start":{"line":101,"column":8},"end":{"line":101,"column":66}},"16":{"start":{"line":102,"column":8},"end":{"line":102,"column":3604}},"17":{"start":{"line":107,"column":8},"end":{"line":107,"column":3756}},"18":{"start":{"line":118,"column":8},"end":{"line":118,"column":59}},"19":{"start":{"line":119,"column":8},"end":{"line":119,"column":28}},"20":{"start":{"line":120,"column":8},"end":{"line":120,"column":57}},"21":{"start":{"line":121,"column":8},"end":{"line":121,"column":51}},"22":{"start":{"line":122,"column":8},"end":{"line":122,"column":48}},"23":{"start":{"line":130,"column":8},"end":{"line":130,"column":4372}},"24":{"start":{"line":134,"column":8},"end":{"line":134,"column":63}},"25":{"start":{"line":135,"column":8},"end":{"line":135,"column":4560}},"26":{"start":{"line":137,"column":12},"end":{"line":137,"column":78}},"27":{"start":{"line":138,"column":12},"end":{"line":138,"column":51}},"28":{"start":{"line":139,"column":12},"end":{"line":139,"column":58}},"29":{"start":{"line":140,"column":12},"end":{"line":140,"column":76}},"30":{"start":{"line":142,"column":8},"end":{"line":142,"column":51}},"31":{"start":{"line":144,"column":8},"end":{"line":144,"column":44}},"32":{"start":{"line":148,"column":8},"end":{"line":148,"column":72}},"33":{"start":{"line":149,"column":8},"end":{"line":149,"column":26}},"34":{"start":{"line":150,"column":8},"end":{"line":150,"column":34}},"35":{"start":{"line":162,"column":8},"end":{"line":162,"column":5765}},"36":{"start":{"line":168,"column":8},"end":{"line":168,"column":38}},"37":{"start":{"line":169,"column":8},"end":{"line":169,"column":63}},"38":{"start":{"line":170,"column":8},"end":{"line":170,"column":6088}},"39":{"start":{"line":171,"column":12},"end":{"line":171,"column":46}},"40":{"start":{"line":174,"column":8},"end":{"line":174,"column":55}},"41":{"start":{"line":175,"column":8},"end":{"line":175,"column":36}},"42":{"start":{"line":176,"column":8},"end":{"line":176,"column":54}},"43":{"start":{"line":178,"column":8},"end":{"line":178,"column":57}},"44":{"start":{"line":179,"column":8},"end":{"line":179,"column":20}},"45":{"start":{"line":180,"column":8},"end":{"line":180,"column":29}},"46":{"start":{"line":183,"column":8},"end":{"line":183,"column":6487}},"47":{"start":{"line":185,"column":12},"end":{"line":185,"column":19}},"48":{"start":{"line":188,"column":12},"end":{"line":188,"column":59}},"49":{"start":{"line":190,"column":12},"end":{"line":190,"column":6746}},"50":{"start":{"line":191,"column":16},"end":{"line":191,"column":6798}},"51":{"start":{"line":192,"column":20},"end":{"line":192,"column":39}},"52":{"start":{"line":194,"column":20},"end":{"line":194,"column":42}},"53":{"start":{"line":198,"column":16},"end":{"line":198,"column":7080}},"54":{"start":{"line":201,"column":16},"end":{"line":201,"column":7229}},"55":{"start":{"line":204,"column":16},"end":{"line":204,"column":7374}},"56":{"start":{"line":211,"column":8},"end":{"line":211,"column":7538}},"57":{"start":{"line":215,"column":12},"end":{"line":215,"column":37}},"58":{"start":{"line":216,"column":12},"end":{"line":216,"column":7716}},"59":{"start":{"line":221,"column":16},"end":{"line":221,"column":68}},"60":{"start":{"line":223,"column":16},"end":{"line":223,"column":71}},"61":{"start":{"line":226,"column":12},"end":{"line":226,"column":8162}},"62":{"start":{"line":229,"column":12},"end":{"line":229,"column":56}},"63":{"start":{"line":233,"column":8},"end":{"line":233,"column":71}},"64":{"start":{"line":234,"column":8},"end":{"line":234,"column":8504}},"65":{"start":{"line":236,"column":12},"end":{"line":236,"column":37}},"66":{"start":{"line":237,"column":12},"end":{"line":237,"column":8700}},"67":{"start":{"line":239,"column":16},"end":{"line":239,"column":45}},"68":{"start":{"line":241,"column":16},"end":{"line":241,"column":71}},"69":{"start":{"line":244,"column":12},"end":{"line":244,"column":9054}},"70":{"start":{"line":247,"column":12},"end":{"line":247,"column":56}},"71":{"start":{"line":248,"column":12},"end":{"line":248,"column":9254}},"72":{"start":{"line":259,"column":8},"end":{"line":259,"column":53}},"73":{"start":{"line":260,"column":8},"end":{"line":260,"column":38}},"74":{"start":{"line":261,"column":8},"end":{"line":261,"column":67}},"75":{"start":{"line":265,"column":8},"end":{"line":265,"column":9916}},"76":{"start":{"line":266,"column":12},"end":{"line":266,"column":46}},"77":{"start":{"line":270,"column":8},"end":{"line":270,"column":10062}},"78":{"start":{"line":271,"column":12},"end":{"line":271,"column":41}},"79":{"start":{"line":274,"column":8},"end":{"line":274,"column":35}},"80":{"start":{"line":275,"column":8},"end":{"line":275,"column":59}},"81":{"start":{"line":276,"column":8},"end":{"line":276,"column":45}},"82":{"start":{"line":277,"column":8},"end":{"line":277,"column":65}},"83":{"start":{"line":278,"column":8},"end":{"line":278,"column":26}},"84":{"start":{"line":287,"column":8},"end":{"line":287,"column":10753}},"85":{"start":{"line":288,"column":12},"end":{"line":288,"column":53}},"86":{"start":{"line":289,"column":12},"end":{"line":289,"column":60}},"87":{"start":{"line":290,"column":12},"end":{"line":290,"column":62}},"88":{"start":{"line":291,"column":12},"end":{"line":291,"column":28}},"89":{"start":{"line":293,"column":12},"end":{"line":293,"column":11021}},"90":{"start":{"line":295,"column":16},"end":{"line":295,"column":11118}},"91":{"start":{"line":297,"column":20},"end":{"line":297,"column":72}},"92":{"start":{"line":299,"column":20},"end":{"line":299,"column":31}},"93":{"start":{"line":302,"column":16},"end":{"line":302,"column":11468}},"94":{"start":{"line":304,"column":20},"end":{"line":304,"column":11561}},"95":{"start":{"line":305,"column":24},"end":{"line":305,"column":40}},"96":{"start":{"line":306,"column":24},"end":{"line":306,"column":11680}},"97":{"start":{"line":308,"column":28},"end":{"line":308,"column":46}},"98":{"start":{"line":310,"column":28},"end":{"line":310,"column":75}},"99":{"start":{"line":312,"column":24},"end":{"line":312,"column":12035}},"100":{"start":{"line":315,"column":24},"end":{"line":315,"column":12205}},"101":{"start":{"line":318,"column":24},"end":{"line":318,"column":12359}},"102":{"start":{"line":323,"column":20},"end":{"line":323,"column":12624}},"103":{"start":{"line":327,"column":20},"end":{"line":327,"column":12804}},"104":{"start":{"line":329,"column":24},"end":{"line":329,"column":42}},"105":{"start":{"line":331,"column":24},"end":{"line":331,"column":13073}},"106":{"start":{"line":332,"column":28},"end":{"line":332,"column":48}},"107":{"start":{"line":335,"column":28},"end":{"line":335,"column":74}},"108":{"start":{"line":338,"column":24},"end":{"line":338,"column":13400}},"109":{"start":{"line":341,"column":24},"end":{"line":341,"column":13566}},"110":{"start":{"line":344,"column":24},"end":{"line":344,"column":59}},"111":{"start":{"line":345,"column":24},"end":{"line":345,"column":13782}},"112":{"start":{"line":348,"column":24},"end":{"line":348,"column":13946}},"113":{"start":{"line":362,"column":8},"end":{"line":362,"column":14317}},"114":{"start":{"line":364,"column":8},"end":{"line":364,"column":57}},"115":{"start":{"line":365,"column":8},"end":{"line":365,"column":51}},"116":{"start":{"line":366,"column":8},"end":{"line":366,"column":46}},"117":{"start":{"line":371,"column":8},"end":{"line":371,"column":60}},"118":{"start":{"line":372,"column":8},"end":{"line":372,"column":14770}},"119":{"start":{"line":375,"column":8},"end":{"line":375,"column":28}},"120":{"start":{"line":384,"column":8},"end":{"line":384,"column":34}},"121":{"start":{"line":385,"column":8},"end":{"line":385,"column":15125}},"122":{"start":{"line":386,"column":12},"end":{"line":386,"column":55}},"123":{"start":{"line":388,"column":12},"end":{"line":388,"column":51}},"124":{"start":{"line":390,"column":8},"end":{"line":390,"column":33}},"125":{"start":{"line":394,"column":8},"end":{"line":394,"column":75}},"126":{"start":{"line":395,"column":8},"end":{"line":395,"column":25}},"127":{"start":{"line":399,"column":8},"end":{"line":399,"column":69}},"128":{"start":{"line":400,"column":8},"end":{"line":400,"column":15672}},"129":{"start":{"line":401,"column":12},"end":{"line":401,"column":47}},"130":{"start":{"line":404,"column":8},"end":{"line":404,"column":38}},"131":{"start":{"line":405,"column":8},"end":{"line":405,"column":15840}},"132":{"start":{"line":406,"column":12},"end":{"line":406,"column":50}},"133":{"start":{"line":407,"column":12},"end":{"line":407,"column":64}},"134":{"start":{"line":408,"column":12},"end":{"line":408,"column":16015}},"135":{"start":{"line":412,"column":16},"end":{"line":412,"column":43}},"136":{"start":{"line":416,"column":8},"end":{"line":416,"column":16211}},"137":{"start":{"line":417,"column":12},"end":{"line":417,"column":50}},"138":{"start":{"line":418,"column":12},"end":{"line":418,"column":16346}},"139":{"start":{"line":421,"column":12},"end":{"line":421,"column":47}},"140":{"start":{"line":422,"column":12},"end":{"line":422,"column":46}},"141":{"start":{"line":423,"column":12},"end":{"line":423,"column":62}},"142":{"start":{"line":424,"column":12},"end":{"line":424,"column":43}},"143":{"start":{"line":425,"column":12},"end":{"line":425,"column":25}},"144":{"start":{"line":428,"column":8},"end":{"line":428,"column":30}},"145":{"start":{"line":437,"column":8},"end":{"line":437,"column":58}},"146":{"start":{"line":438,"column":8},"end":{"line":438,"column":48}},"147":{"start":{"line":446,"column":8},"end":{"line":446,"column":58}},"148":{"start":{"line":447,"column":8},"end":{"line":447,"column":49}},"149":{"start":{"line":451,"column":8},"end":{"line":451,"column":58}},"150":{"start":{"line":452,"column":8},"end":{"line":452,"column":43}},"151":{"start":{"line":460,"column":8},"end":{"line":460,"column":58}},"152":{"start":{"line":461,"column":8},"end":{"line":461,"column":51}},"153":{"start":{"line":465,"column":8},"end":{"line":465,"column":58}},"154":{"start":{"line":466,"column":8},"end":{"line":466,"column":45}},"155":{"start":{"line":474,"column":8},"end":{"line":474,"column":58}},"156":{"start":{"line":475,"column":8},"end":{"line":475,"column":48}},"157":{"start":{"line":479,"column":8},"end":{"line":479,"column":58}},"158":{"start":{"line":480,"column":8},"end":{"line":480,"column":41}}},"branchMap":{"1":{"line":69,"type":"if","locations":[{"start":{"line":69,"column":8},"end":{"line":69,"column":8}},{"start":{"line":69,"column":8},"end":{"line":69,"column":8}}]},"2":{"line":73,"type":"if","locations":[{"start":{"line":73,"column":8},"end":{"line":73,"column":8}},{"start":{"line":73,"column":8},"end":{"line":73,"column":8}}]},"3":{"line":83,"type":"if","locations":[{"start":{"line":83,"column":8},"end":{"line":83,"column":8}},{"start":{"line":83,"column":8},"end":{"line":83,"column":8}}]},"4":{"line":92,"type":"if","locations":[{"start":{"line":92,"column":8},"end":{"line":92,"column":8}},{"start":{"line":92,"column":8},"end":{"line":92,"column":8}}]},"5":{"line":97,"type":"if","locations":[{"start":{"line":97,"column":8},"end":{"line":97,"column":8}},{"start":{"line":97,"column":8},"end":{"line":97,"column":8}}]},"6":{"line":101,"type":"if","locations":[{"start":{"line":101,"column":8},"end":{"line":101,"column":8}},{"start":{"line":101,"column":8},"end":{"line":101,"column":8}}]},"7":{"line":102,"type":"if","locations":[{"start":{"line":102,"column":8},"end":{"line":102,"column":8}},{"start":{"line":102,"column":8},"end":{"line":102,"column":8}}]},"8":{"line":130,"type":"if","locations":[{"start":{"line":130,"column":8},"end":{"line":130,"column":8}},{"start":{"line":130,"column":8},"end":{"line":130,"column":8}}]},"9":{"line":135,"type":"if","locations":[{"start":{"line":135,"column":8},"end":{"line":135,"column":8}},{"start":{"line":135,"column":8},"end":{"line":135,"column":8}}]},"10":{"line":148,"type":"if","locations":[{"start":{"line":148,"column":8},"end":{"line":148,"column":8}},{"start":{"line":148,"column":8},"end":{"line":148,"column":8}}]},"11":{"line":162,"type":"if","locations":[{"start":{"line":162,"column":8},"end":{"line":162,"column":8}},{"start":{"line":162,"column":8},"end":{"line":162,"column":8}}]},"12":{"line":170,"type":"if","locations":[{"start":{"line":170,"column":8},"end":{"line":170,"column":8}},{"start":{"line":170,"column":8},"end":{"line":170,"column":8}}]},"13":{"line":183,"type":"if","locations":[{"start":{"line":183,"column":8},"end":{"line":183,"column":8}},{"start":{"line":183,"column":8},"end":{"line":183,"column":8}}]},"14":{"line":190,"type":"if","locations":[{"start":{"line":190,"column":12},"end":{"line":190,"column":12}},{"start":{"line":190,"column":12},"end":{"line":190,"column":12}}]},"15":{"line":191,"type":"if","locations":[{"start":{"line":191,"column":16},"end":{"line":191,"column":16}},{"start":{"line":191,"column":16},"end":{"line":191,"column":16}}]},"16":{"line":211,"type":"if","locations":[{"start":{"line":211,"column":8},"end":{"line":211,"column":8}},{"start":{"line":211,"column":8},"end":{"line":211,"column":8}}]},"17":{"line":216,"type":"if","locations":[{"start":{"line":216,"column":12},"end":{"line":216,"column":12}},{"start":{"line":216,"column":12},"end":{"line":216,"column":12}}]},"18":{"line":234,"type":"if","locations":[{"start":{"line":234,"column":8},"end":{"line":234,"column":8}},{"start":{"line":234,"column":8},"end":{"line":234,"column":8}}]},"19":{"line":237,"type":"if","locations":[{"start":{"line":237,"column":12},"end":{"line":237,"column":12}},{"start":{"line":237,"column":12},"end":{"line":237,"column":12}}]},"20":{"line":261,"type":"if","locations":[{"start":{"line":261,"column":8},"end":{"line":261,"column":8}},{"start":{"line":261,"column":8},"end":{"line":261,"column":8}}]},"21":{"line":265,"type":"if","locations":[{"start":{"line":265,"column":8},"end":{"line":265,"column":8}},{"start":{"line":265,"column":8},"end":{"line":265,"column":8}}]},"22":{"line":270,"type":"if","locations":[{"start":{"line":270,"column":8},"end":{"line":270,"column":8}},{"start":{"line":270,"column":8},"end":{"line":270,"column":8}}]},"23":{"line":293,"type":"if","locations":[{"start":{"line":293,"column":12},"end":{"line":293,"column":12}},{"start":{"line":293,"column":12},"end":{"line":293,"column":12}}]},"24":{"line":295,"type":"if","locations":[{"start":{"line":295,"column":16},"end":{"line":295,"column":16}},{"start":{"line":295,"column":16},"end":{"line":295,"column":16}}]},"25":{"line":302,"type":"if","locations":[{"start":{"line":302,"column":16},"end":{"line":302,"column":16}},{"start":{"line":302,"column":16},"end":{"line":302,"column":16}}]},"26":{"line":304,"type":"if","locations":[{"start":{"line":304,"column":20},"end":{"line":304,"column":20}},{"start":{"line":304,"column":20},"end":{"line":304,"column":20}}]},"27":{"line":306,"type":"if","locations":[{"start":{"line":306,"column":24},"end":{"line":306,"column":24}},{"start":{"line":306,"column":24},"end":{"line":306,"column":24}}]},"28":{"line":327,"type":"if","locations":[{"start":{"line":327,"column":20},"end":{"line":327,"column":20}},{"start":{"line":327,"column":20},"end":{"line":327,"column":20}}]},"29":{"line":331,"type":"if","locations":[{"start":{"line":331,"column":24},"end":{"line":331,"column":24}},{"start":{"line":331,"column":24},"end":{"line":331,"column":24}}]},"30":{"line":385,"type":"if","locations":[{"start":{"line":385,"column":8},"end":{"line":385,"column":8}},{"start":{"line":385,"column":8},"end":{"line":385,"column":8}}]},"31":{"line":399,"type":"if","locations":[{"start":{"line":399,"column":8},"end":{"line":399,"column":8}},{"start":{"line":399,"column":8},"end":{"line":399,"column":8}}]},"32":{"line":408,"type":"if","locations":[{"start":{"line":408,"column":12},"end":{"line":408,"column":12}},{"start":{"line":408,"column":12},"end":{"line":408,"column":12}}]}}},"contracts/Test/TestERC20.sol":{"l":{},"path":"/Users/artur/Desktop/Bloinx/bloinx-contracts/contracts/Test/TestERC20.sol","s":{},"b":{},"f":{"1":1},"fnMap":{"1":{"name":"constructor","line":9,"loc":{"start":{"line":9,"column":4},"end":{"line":9,"column":72}}}},"statementMap":{},"branchMap":{}}}